<?xml version="1.0" encoding="UTF-8"?>
<!-- Generated by org.testng.reporters.JUnitXMLReporter -->
<testsuite ignored="0" hostname="WPDev-Laptop-Raihan.localdomain" failures="0" tests="15" name="Default test" time="77.501" errors="0" timestamp="2024-10-06T14:51:14 BDT">
  <testcase classname="com.qa.easyjobs.tests.CandidateApplyPageTest" name="testVerifyPageTitle" time="5.619"/>
  <testcase classname="com.qa.easyjobs.tests.CandidateApplyPageTest" name="testApplyNow" time="17.738"/>
  <testcase classname="com.qa.easyjobs.tests.CandidateApplyPageTest" name="cAIModal" time="3.095"/>
  <testcase classname="com.qa.easyjobs.tests.CandidateApplyPageTest" name="testSaveBasicInfo" time="3.083"/>
  <testcase classname="com.qa.easyjobs.tests.CandidateApplyPageTest" name="testWriteCoverLetter" time="3.439"/>
  <testcase classname="com.qa.easyjobs.tests.CandidateApplyPageTest" name="testSaveContinueAfterCoverLetter" time="4.763"/>
  <testcase classname="com.qa.easyjobs.tests.CandidateApplyPageTest" name="testScreeningPageVisible" time="4.022"/>
  <testcase classname="com.qa.easyjobs.tests.CandidateApplyPageTest" name="testSelectAnswer3" time="4.094"/>
  <testcase classname="com.qa.easyjobs.tests.CandidateApplyPageTest" name="testSaveContinueScreening" time="4.098"/>
  <testcase classname="com.qa.easyjobs.tests.CandidateApplyPageTest" name="testQuizPageVisible" time="4.016"/>
  <testcase classname="com.qa.easyjobs.tests.CandidateApplyPageTest" name="testStartQuiz" time="4.082"/>
  <testcase classname="com.qa.easyjobs.tests.CandidateApplyPageTest" name="testSelectQuizOption2" time="3.099"/>
  <testcase classname="com.qa.easyjobs.tests.CandidateApplyPageTest" name="testSubmitQuizAnswer" time="3.1"/>
  <testcase classname="com.qa.easyjobs.tests.CandidateApplyPageTest" name="testFinalPageVisible" time="3.015"/>
  <testcase classname="com.qa.easyjobs.tests.CandidateApplyPageTest" name="testSubmitApplication" time="0.523"/>
</testsuite> <!-- Default test -->
