<?xml version="1.0" encoding="UTF-8"?>
<!-- Generated by org.testng.reporters.JUnitXMLReporter -->
<testsuite ignored="0" hostname="WPDev-Laptop-Raihan.localdomain" failures="0" tests="5" name="EasyJobs DashboardPage Test" time="21.51" errors="0" timestamp="2025-01-05T12:22:22 BDT">
  <testcase classname="com.qa.easyjobs.tests.DashboardPageTest" name="dashboardPageTitleTest" time="3.009"/>
  <testcase classname="com.qa.easyjobs.tests.DashboardPageTest" name="testRecentApplicantsSection" time="3.032"/>
  <testcase classname="com.qa.easyjobs.tests.DashboardPageTest" name="testActiveCandidateCardClickable" time="3.466"/>
  <testcase classname="com.qa.easyjobs.tests.DashboardPageTest" name="testActiveJobsClickable" time="4.514"/>
  <testcase classname="com.qa.easyjobs.tests.DashboardPageTest" name="testTeamMembersClickable" time="4.505"/>
</testsuite> <!-- EasyJobs DashboardPage Test -->
