<?xml version="1.0" encoding="UTF-8"?>
<!-- Generated by org.testng.reporters.JUnitXMLReporter -->
<testsuite ignored="0" hostname="WPDev-Laptop-Raihan.localdomain" failures="0" tests="15" name="EasyJobs CandidateApply Test" time="3.011" errors="0" timestamp="2025-01-05T12:24:35 BDT">
  <testcase classname="com.qa.easyjobs.tests.CandidateApplyPageTest" name="testVerifyPageTitle" time="0.0">
    <skipped/>
  </testcase> <!-- testVerifyPageTitle -->
  <testcase classname="com.qa.easyjobs.tests.CandidateApplyPageTest" name="testApplyNow" time="0.0">
    <skipped/>
  </testcase> <!-- testApplyNow -->
  <testcase classname="com.qa.easyjobs.tests.CandidateApplyPageTest" name="cAIModal" time="0.0">
    <skipped/>
  </testcase> <!-- cAIModal -->
  <testcase classname="com.qa.easyjobs.tests.CandidateApplyPageTest" name="testSaveBasicInfo" time="0.0">
    <skipped/>
  </testcase> <!-- testSaveBasicInfo -->
  <testcase classname="com.qa.easyjobs.tests.CandidateApplyPageTest" name="testWriteCoverLetter" time="0.0">
    <skipped/>
  </testcase> <!-- testWriteCoverLetter -->
  <testcase classname="com.qa.easyjobs.tests.CandidateApplyPageTest" name="testSaveContinueAfterCoverLetter" time="0.0">
    <skipped/>
  </testcase> <!-- testSaveContinueAfterCoverLetter -->
  <testcase classname="com.qa.easyjobs.tests.CandidateApplyPageTest" name="testScreeningPageVisible" time="0.0">
    <skipped/>
  </testcase> <!-- testScreeningPageVisible -->
  <testcase classname="com.qa.easyjobs.tests.CandidateApplyPageTest" name="testSelectAnswer3" time="0.0">
    <skipped/>
  </testcase> <!-- testSelectAnswer3 -->
  <testcase classname="com.qa.easyjobs.tests.CandidateApplyPageTest" name="testSaveContinueScreening" time="0.001">
    <skipped/>
  </testcase> <!-- testSaveContinueScreening -->
  <testcase classname="com.qa.easyjobs.tests.CandidateApplyPageTest" name="testQuizPageVisible" time="0.0">
    <skipped/>
  </testcase> <!-- testQuizPageVisible -->
  <testcase classname="com.qa.easyjobs.tests.CandidateApplyPageTest" name="testStartQuiz" time="0.0">
    <skipped/>
  </testcase> <!-- testStartQuiz -->
  <testcase classname="com.qa.easyjobs.tests.CandidateApplyPageTest" name="testSelectQuizOption2" time="0.0">
    <skipped/>
  </testcase> <!-- testSelectQuizOption2 -->
  <testcase classname="com.qa.easyjobs.tests.CandidateApplyPageTest" name="testSubmitQuizAnswer" time="0.0">
    <skipped/>
  </testcase> <!-- testSubmitQuizAnswer -->
  <testcase classname="com.qa.easyjobs.tests.CandidateApplyPageTest" name="testFinalPageVisible" time="0.0">
    <skipped/>
  </testcase> <!-- testFinalPageVisible -->
  <testcase classname="com.qa.easyjobs.tests.CandidateApplyPageTest" name="testSubmitApplication" time="0.0">
    <skipped/>
  </testcase> <!-- testSubmitApplication -->
</testsuite> <!-- EasyJobs CandidateApply Test -->
