<?xml version="1.0" encoding="UTF-8"?>
<!-- Generated by org.testng.reporters.JUnitXMLReporter -->
<testsuite ignored="0" hostname="WPDev-Laptop-Raihan.localdomain" failures="0" tests="10" name="EasyJobs ConversationPage Test" time="2.358" errors="0" timestamp="2025-01-05T12:24:38 BDT">
  <testcase classname="com.qa.easyjobs.tests.ConversationPageTest" name="testNavigateToCandidatesPage" time="0.0">
    <skipped/>
  </testcase> <!-- testNavigateToCandidatesPage -->
  <testcase classname="com.qa.easyjobs.tests.ConversationPageTest" name="testSearchForCandidate" time="0.0">
    <skipped/>
  </testcase> <!-- testSearchForCandidate -->
  <testcase classname="com.qa.easyjobs.tests.ConversationPageTest" name="testViewCandidateDetails" time="0.0">
    <skipped/>
  </testcase> <!-- testViewCandidateDetails -->
  <testcase classname="com.qa.easyjobs.tests.ConversationPageTest" name="clickpipelineDropDown" time="0.0">
    <skipped/>
  </testcase> <!-- clickpipelineDropDown -->
  <testcase classname="com.qa.easyjobs.tests.ConversationPageTest" name="testChangePipelineToShortlist" time="0.0">
    <skipped/>
  </testcase> <!-- testChangePipelineToShortlist -->
  <testcase classname="com.qa.easyjobs.tests.ConversationPageTest" name="clickConversationTab" time="0.0">
    <skipped/>
  </testcase> <!-- clickConversationTab -->
  <testcase classname="com.qa.easyjobs.tests.ConversationPageTest" name="testConversationStartedLabelNotVisibleOnPipelineChange" time="0.0">
    <skipped/>
  </testcase> <!-- testConversationStartedLabelNotVisibleOnPipelineChange -->
  <testcase classname="com.qa.easyjobs.tests.ConversationPageTest" name="testAddNoteAndCheckConversationStartedLabel" time="0.0">
    <skipped/>
  </testcase> <!-- testAddNoteAndCheckConversationStartedLabel -->
  <testcase classname="com.qa.easyjobs.tests.ConversationPageTest" name="testSendMessageAndCheckConversationStartedLabel" time="0.0">
    <skipped/>
  </testcase> <!-- testSendMessageAndCheckConversationStartedLabel -->
  <testcase classname="com.qa.easyjobs.tests.ConversationPageTest" name="testAssignAssessment" time="0.0">
    <skipped/>
  </testcase> <!-- testAssignAssessment -->
</testsuite> <!-- EasyJobs ConversationPage Test -->
