<?xml version="1.0" encoding="UTF-8"?>
<!-- Generated by org.testng.reporters.JUnitXMLReporter -->
<testsuite ignored="0" hostname="WPDev-Laptop-Raihan.localdomain" failures="0" tests="4" name="EasyJobs LoginPage Test" time="139.956" errors="0" timestamp="2025-01-05T12:22:01 BDT">
  <testcase classname="com.qa.easyjobs.tests.LoginPageTest" name="loginPageTitleTest" time="0.012"/>
  <testcase classname="com.qa.easyjobs.tests.LoginPageTest" name="loginPageURL" time="0.001"/>
  <testcase classname="com.qa.easyjobs.tests.LoginPageTest" name="forgotPwdLinkExistTest" time="0.021"/>
  <testcase classname="com.qa.easyjobs.tests.LoginPageTest" name="doLoginTest" time="2.039"/>
</testsuite> <!-- EasyJobs LoginPage Test -->
