<?xml version="1.0" encoding="UTF-8"?>
<!-- Generated by org.testng.reporters.JUnitXMLReporter -->
<testsuite ignored="1" hostname="Shraboni-MacBook-Pro.local" failures="1" tests="1" name="EasyJobs DashboardPage Test(failed)" time="11.529" errors="0" timestamp="2024-08-22T00:54:31 BDT">
  <testcase classname="com.qa.easyjobs.tests.DashboardPageTest" name="dashboardPageTitleTest" time="4.558">
    <failure type="com.microsoft.playwright.impl.TargetClosedError" message="Error {
  message=&amp;apos;Target page, context or browser has been closed
  name=&amp;apos;TargetClosedError
  stack=&amp;apos;TargetClosedError:Target page, context or browser has been closed
Error
    at captureRawStack (/private/var/folders/mc/dyqmrmzn7wzgnndqb4yxm5ch0000gn/T/playwright-java-12926932529210116389/package/lib/utils/stackTrace.js:49:17)
    at LongStandingScope._race (/private/var/folders/mc/dyqmrmzn7wzgnndqb4yxm5ch0000gn/T/playwright-java-12926932529210116389/package/lib/utils/manualPromise.js:91:52)
    at LongStandingScope.race (/private/var/folders/mc/dyqmrmzn7wzgnndqb4yxm5ch0000gn/T/playwright-java-12926932529210116389/package/lib/utils/manualPromise.js:84:17)
    at FrameDispatcher._handleCommand (/private/var/folders/mc/dyqmrmzn7wzgnndqb4yxm5ch0000gn/T/playwright-java-12926932529210116389/package/lib/server/dispatchers/dispatcher.js:96:36)
    at DispatcherConnection.dispatch (/private/var/folders/mc/dyqmrmzn7wzgnndqb4yxm5ch0000gn/T/playwright-java-12926932529210116389/package/lib/server/dispatchers/dispatcher.js:361:39)
}
Call log:
- waiting for locator(&amp;quot;selector_for_an_element_indicating_page_is_ready&amp;quot;) to be visible
">
      <![CDATA[com.microsoft.playwright.impl.TargetClosedError: Error {
  message='Target page, context or browser has been closed
  name='TargetClosedError
  stack='TargetClosedError:Target page, context or browser has been closed
Error
    at captureRawStack (/private/var/folders/mc/dyqmrmzn7wzgnndqb4yxm5ch0000gn/T/playwright-java-12926932529210116389/package/lib/utils/stackTrace.js:49:17)
    at LongStandingScope._race (/private/var/folders/mc/dyqmrmzn7wzgnndqb4yxm5ch0000gn/T/playwright-java-12926932529210116389/package/lib/utils/manualPromise.js:91:52)
    at LongStandingScope.race (/private/var/folders/mc/dyqmrmzn7wzgnndqb4yxm5ch0000gn/T/playwright-java-12926932529210116389/package/lib/utils/manualPromise.js:84:17)
    at FrameDispatcher._handleCommand (/private/var/folders/mc/dyqmrmzn7wzgnndqb4yxm5ch0000gn/T/playwright-java-12926932529210116389/package/lib/server/dispatchers/dispatcher.js:96:36)
    at DispatcherConnection.dispatch (/private/var/folders/mc/dyqmrmzn7wzgnndqb4yxm5ch0000gn/T/playwright-java-12926932529210116389/package/lib/server/dispatchers/dispatcher.js:361:39)
}
Call log:
- waiting for locator("selector_for_an_element_indicating_page_is_ready") to be visible

at com.microsoft.playwright.impl.WaitableResult.get(WaitableResult.java:54)
at com.microsoft.playwright.impl.ChannelOwner.runUntil(ChannelOwner.java:120)
at com.microsoft.playwright.impl.Connection.sendMessage(Connection.java:130)
at com.microsoft.playwright.impl.ChannelOwner.sendMessage(ChannelOwner.java:106)
at com.microsoft.playwright.impl.FrameImpl.waitForSelectorImpl(FrameImpl.java:1060)
at com.microsoft.playwright.impl.FrameImpl.waitForSelectorImpl(FrameImpl.java:1050)
at com.microsoft.playwright.impl.PageImpl.lambda$waitForSelector$93(PageImpl.java:1553)
at com.microsoft.playwright.impl.LoggingSupport.withLogging(LoggingSupport.java:47)
at com.microsoft.playwright.impl.ChannelOwner.withLogging(ChannelOwner.java:89)
at com.microsoft.playwright.impl.PageImpl.waitForSelector(PageImpl.java:1552)
at com.microsoft.playwright.Page.waitForSelector(Page.java:8257)
at com.qa.easyjobs.tests.DashboardPageTest.dashboardPageTitleTest(DashboardPageTest.java:24)
at java.base/java.util.ArrayList.forEach(ArrayList.java:1511)
Caused by: com.microsoft.playwright.impl.TargetClosedError: Error {
  message='Target page, context or browser has been closed
  name='TargetClosedError
  stack='TargetClosedError:Target page, context or browser has been closed
Error
    at captureRawStack (/private/var/folders/mc/dyqmrmzn7wzgnndqb4yxm5ch0000gn/T/playwright-java-12926932529210116389/package/lib/utils/stackTrace.js:49:17)
    at LongStandingScope._race (/private/var/folders/mc/dyqmrmzn7wzgnndqb4yxm5ch0000gn/T/playwright-java-12926932529210116389/package/lib/utils/manualPromise.js:91:52)
    at LongStandingScope.race (/private/var/folders/mc/dyqmrmzn7wzgnndqb4yxm5ch0000gn/T/playwright-java-12926932529210116389/package/lib/utils/manualPromise.js:84:17)
    at FrameDispatcher._handleCommand (/private/var/folders/mc/dyqmrmzn7wzgnndqb4yxm5ch0000gn/T/playwright-java-12926932529210116389/package/lib/server/dispatchers/dispatcher.js:96:36)
    at DispatcherConnection.dispatch (/private/var/folders/mc/dyqmrmzn7wzgnndqb4yxm5ch0000gn/T/playwright-java-12926932529210116389/package/lib/server/dispatchers/dispatcher.js:361:39)
}
Call log:
- waiting for locator("selector_for_an_element_indicating_page_is_ready") to be visible

at com.microsoft.playwright.impl.Connection.dispatch(Connection.java:256)
at com.microsoft.playwright.impl.Connection.processOneMessage(Connection.java:211)
at com.microsoft.playwright.impl.ChannelOwner.runUntil(ChannelOwner.java:118)
... 38 more
... Removed 27 stack frames]]>
    </failure>
  </testcase> <!-- dashboardPageTitleTest -->
  <testcase classname="com.qa.easyjobs.tests.DashboardPageTest" name="testRecentApplicantsSection" time="0.0">
    <ignored/>
  </testcase> <!-- testRecentApplicantsSection -->
</testsuite> <!-- EasyJobs DashboardPage Test(failed) -->
